CRITICAL - 2020-11-08 09:03:53 --> Unable to connect to the database.
#0 D:\7. Learning\Web\codeigniter\framework-4.0.4\system\Database\BaseConnection.php(646): CodeIgniter\Database\BaseConnection->initialize()
#1 D:\7. Learning\Web\codeigniter\framework-4.0.4\system\Database\BaseConnection.php(1548): CodeIgniter\Database\BaseConnection->query('SHOW TABLES FRO...')
#2 D:\7. Learning\Web\codeigniter\framework-4.0.4\system\Database\BaseConnection.php(1591): CodeIgniter\Database\BaseConnection->listTables()
#3 D:\7. Learning\Web\codeigniter\framework-4.0.4\system\Database\MigrationRunner.php(945): CodeIgniter\Database\BaseConnection->tableExists('migrations')
#4 D:\7. Learning\Web\codeigniter\framework-4.0.4\system\Database\MigrationRunner.php(193): CodeIgniter\Database\MigrationRunner->ensureTable()
#5 D:\7. Learning\Web\codeigniter\framework-4.0.4\system\Commands\Database\Migrate.php(128): CodeIgniter\Database\MigrationRunner->latest(NULL)
#6 D:\7. Learning\Web\codeigniter\framework-4.0.4\system\CLI\Commands.php(100): CodeIgniter\Commands\Database\Migrate->run(Array)
#7 D:\7. Learning\Web\codeigniter\framework-4.0.4\system\CLI\CommandRunner.php(107): CodeIgniter\CLI\Commands->run('migrate', Array)
#8 D:\7. Learning\Web\codeigniter\framework-4.0.4\system\CLI\CommandRunner.php(85): CodeIgniter\CLI\CommandRunner->index(Array)
#9 D:\7. Learning\Web\codeigniter\framework-4.0.4\system\CodeIgniter.php(914): CodeIgniter\CLI\CommandRunner->_remap('index', 'migrate')
#10 D:\7. Learning\Web\codeigniter\framework-4.0.4\system\CodeIgniter.php(404): CodeIgniter\CodeIgniter->runController(Object(CodeIgniter\CLI\CommandRunner))
#11 D:\7. Learning\Web\codeigniter\framework-4.0.4\system\CodeIgniter.php(312): CodeIgniter\CodeIgniter->handleRequest(NULL, Object(Config\Cache), false)
#12 D:\7. Learning\Web\codeigniter\framework-4.0.4\system\CLI\Console.php(86): CodeIgniter\CodeIgniter->run()
#13 D:\7. Learning\Web\codeigniter\framework-4.0.4\spark(57): CodeIgniter\CLI\Console->run()
#14 {main}
CRITICAL - 2020-11-08 09:04:28 --> Unable to connect to the database.
#0 D:\7. Learning\Web\codeigniter\framework-4.0.4\system\Database\BaseConnection.php(646): CodeIgniter\Database\BaseConnection->initialize()
#1 D:\7. Learning\Web\codeigniter\framework-4.0.4\system\Database\BaseConnection.php(1548): CodeIgniter\Database\BaseConnection->query('SHOW TABLES FRO...')
#2 D:\7. Learning\Web\codeigniter\framework-4.0.4\system\Database\BaseConnection.php(1591): CodeIgniter\Database\BaseConnection->listTables()
#3 D:\7. Learning\Web\codeigniter\framework-4.0.4\system\Database\MigrationRunner.php(945): CodeIgniter\Database\BaseConnection->tableExists('migrations')
#4 D:\7. Learning\Web\codeigniter\framework-4.0.4\system\Database\MigrationRunner.php(193): CodeIgniter\Database\MigrationRunner->ensureTable()
#5 D:\7. Learning\Web\codeigniter\framework-4.0.4\system\Commands\Database\Migrate.php(128): CodeIgniter\Database\MigrationRunner->latest(NULL)
#6 D:\7. Learning\Web\codeigniter\framework-4.0.4\system\CLI\Commands.php(100): CodeIgniter\Commands\Database\Migrate->run(Array)
#7 D:\7. Learning\Web\codeigniter\framework-4.0.4\system\CLI\CommandRunner.php(107): CodeIgniter\CLI\Commands->run('migrate', Array)
#8 D:\7. Learning\Web\codeigniter\framework-4.0.4\system\CLI\CommandRunner.php(85): CodeIgniter\CLI\CommandRunner->index(Array)
#9 D:\7. Learning\Web\codeigniter\framework-4.0.4\system\CodeIgniter.php(914): CodeIgniter\CLI\CommandRunner->_remap('index', 'migrate')
#10 D:\7. Learning\Web\codeigniter\framework-4.0.4\system\CodeIgniter.php(404): CodeIgniter\CodeIgniter->runController(Object(CodeIgniter\CLI\CommandRunner))
#11 D:\7. Learning\Web\codeigniter\framework-4.0.4\system\CodeIgniter.php(312): CodeIgniter\CodeIgniter->handleRequest(NULL, Object(Config\Cache), false)
#12 D:\7. Learning\Web\codeigniter\framework-4.0.4\system\CLI\Console.php(86): CodeIgniter\CodeIgniter->run()
#13 D:\7. Learning\Web\codeigniter\framework-4.0.4\spark(57): CodeIgniter\CLI\Console->run()
#14 {main}
CRITICAL - 2020-11-08 09:04:36 --> Unable to connect to the database.
#0 D:\7. Learning\Web\codeigniter\framework-4.0.4\system\Database\BaseConnection.php(646): CodeIgniter\Database\BaseConnection->initialize()
#1 D:\7. Learning\Web\codeigniter\framework-4.0.4\system\Database\BaseConnection.php(1548): CodeIgniter\Database\BaseConnection->query('SHOW TABLES FRO...')
#2 D:\7. Learning\Web\codeigniter\framework-4.0.4\system\Database\BaseConnection.php(1591): CodeIgniter\Database\BaseConnection->listTables()
#3 D:\7. Learning\Web\codeigniter\framework-4.0.4\system\Database\MigrationRunner.php(945): CodeIgniter\Database\BaseConnection->tableExists('migrations')
#4 D:\7. Learning\Web\codeigniter\framework-4.0.4\system\Database\MigrationRunner.php(193): CodeIgniter\Database\MigrationRunner->ensureTable()
#5 D:\7. Learning\Web\codeigniter\framework-4.0.4\system\Commands\Database\Migrate.php(128): CodeIgniter\Database\MigrationRunner->latest(NULL)
#6 D:\7. Learning\Web\codeigniter\framework-4.0.4\system\CLI\Commands.php(100): CodeIgniter\Commands\Database\Migrate->run(Array)
#7 D:\7. Learning\Web\codeigniter\framework-4.0.4\system\CLI\CommandRunner.php(107): CodeIgniter\CLI\Commands->run('migrate', Array)
#8 D:\7. Learning\Web\codeigniter\framework-4.0.4\system\CLI\CommandRunner.php(85): CodeIgniter\CLI\CommandRunner->index(Array)
#9 D:\7. Learning\Web\codeigniter\framework-4.0.4\system\CodeIgniter.php(914): CodeIgniter\CLI\CommandRunner->_remap('index', 'migrate')
#10 D:\7. Learning\Web\codeigniter\framework-4.0.4\system\CodeIgniter.php(404): CodeIgniter\CodeIgniter->runController(Object(CodeIgniter\CLI\CommandRunner))
#11 D:\7. Learning\Web\codeigniter\framework-4.0.4\system\CodeIgniter.php(312): CodeIgniter\CodeIgniter->handleRequest(NULL, Object(Config\Cache), false)
#12 D:\7. Learning\Web\codeigniter\framework-4.0.4\system\CLI\Console.php(86): CodeIgniter\CodeIgniter->run()
#13 D:\7. Learning\Web\codeigniter\framework-4.0.4\spark(57): CodeIgniter\CLI\Console->run()
#14 {main}
CRITICAL - 2020-11-08 09:05:30 --> Unable to connect to the database.
#0 D:\7. Learning\Web\codeigniter\framework-4.0.4\system\Database\BaseConnection.php(646): CodeIgniter\Database\BaseConnection->initialize()
#1 D:\7. Learning\Web\codeigniter\framework-4.0.4\system\Database\BaseConnection.php(1548): CodeIgniter\Database\BaseConnection->query('SHOW TABLES FRO...')
#2 D:\7. Learning\Web\codeigniter\framework-4.0.4\system\Database\BaseConnection.php(1591): CodeIgniter\Database\BaseConnection->listTables()
#3 D:\7. Learning\Web\codeigniter\framework-4.0.4\system\Database\MigrationRunner.php(945): CodeIgniter\Database\BaseConnection->tableExists('migrations')
#4 D:\7. Learning\Web\codeigniter\framework-4.0.4\system\Database\MigrationRunner.php(193): CodeIgniter\Database\MigrationRunner->ensureTable()
#5 D:\7. Learning\Web\codeigniter\framework-4.0.4\system\Commands\Database\Migrate.php(128): CodeIgniter\Database\MigrationRunner->latest(NULL)
#6 D:\7. Learning\Web\codeigniter\framework-4.0.4\system\CLI\Commands.php(100): CodeIgniter\Commands\Database\Migrate->run(Array)
#7 D:\7. Learning\Web\codeigniter\framework-4.0.4\system\CLI\CommandRunner.php(107): CodeIgniter\CLI\Commands->run('migrate', Array)
#8 D:\7. Learning\Web\codeigniter\framework-4.0.4\system\CLI\CommandRunner.php(85): CodeIgniter\CLI\CommandRunner->index(Array)
#9 D:\7. Learning\Web\codeigniter\framework-4.0.4\system\CodeIgniter.php(914): CodeIgniter\CLI\CommandRunner->_remap('index', 'migrate')
#10 D:\7. Learning\Web\codeigniter\framework-4.0.4\system\CodeIgniter.php(404): CodeIgniter\CodeIgniter->runController(Object(CodeIgniter\CLI\CommandRunner))
#11 D:\7. Learning\Web\codeigniter\framework-4.0.4\system\CodeIgniter.php(312): CodeIgniter\CodeIgniter->handleRequest(NULL, Object(Config\Cache), false)
#12 D:\7. Learning\Web\codeigniter\framework-4.0.4\system\CLI\Console.php(86): CodeIgniter\CodeIgniter->run()
#13 D:\7. Learning\Web\codeigniter\framework-4.0.4\spark(57): CodeIgniter\CLI\Console->run()
#14 {main}
CRITICAL - 2020-11-08 09:14:19 --> Unable to connect to the database.
#0 D:\7. Learning\Web\codeigniter\framework-4.0.4\system\Database\BaseConnection.php(646): CodeIgniter\Database\BaseConnection->initialize()
#1 D:\7. Learning\Web\codeigniter\framework-4.0.4\system\Database\BaseConnection.php(1548): CodeIgniter\Database\BaseConnection->query('SHOW TABLES FRO...')
#2 D:\7. Learning\Web\codeigniter\framework-4.0.4\system\Database\BaseConnection.php(1591): CodeIgniter\Database\BaseConnection->listTables()
#3 D:\7. Learning\Web\codeigniter\framework-4.0.4\system\Database\MigrationRunner.php(945): CodeIgniter\Database\BaseConnection->tableExists('migrations')
#4 D:\7. Learning\Web\codeigniter\framework-4.0.4\system\Database\MigrationRunner.php(193): CodeIgniter\Database\MigrationRunner->ensureTable()
#5 D:\7. Learning\Web\codeigniter\framework-4.0.4\system\Commands\Database\Migrate.php(128): CodeIgniter\Database\MigrationRunner->latest(NULL)
#6 D:\7. Learning\Web\codeigniter\framework-4.0.4\system\CLI\Commands.php(100): CodeIgniter\Commands\Database\Migrate->run(Array)
#7 D:\7. Learning\Web\codeigniter\framework-4.0.4\system\CLI\CommandRunner.php(107): CodeIgniter\CLI\Commands->run('migrate', Array)
#8 D:\7. Learning\Web\codeigniter\framework-4.0.4\system\CLI\CommandRunner.php(85): CodeIgniter\CLI\CommandRunner->index(Array)
#9 D:\7. Learning\Web\codeigniter\framework-4.0.4\system\CodeIgniter.php(914): CodeIgniter\CLI\CommandRunner->_remap('index', 'migrate')
#10 D:\7. Learning\Web\codeigniter\framework-4.0.4\system\CodeIgniter.php(404): CodeIgniter\CodeIgniter->runController(Object(CodeIgniter\CLI\CommandRunner))
#11 D:\7. Learning\Web\codeigniter\framework-4.0.4\system\CodeIgniter.php(312): CodeIgniter\CodeIgniter->handleRequest(NULL, Object(Config\Cache), false)
#12 D:\7. Learning\Web\codeigniter\framework-4.0.4\system\CLI\Console.php(86): CodeIgniter\CodeIgniter->run()
#13 D:\7. Learning\Web\codeigniter\framework-4.0.4\spark(57): CodeIgniter\CLI\Console->run()
#14 {main}
CRITICAL - 2020-11-08 09:14:55 --> Unable to connect to the database.
#0 D:\7. Learning\Web\codeigniter\framework-4.0.4\system\Database\BaseConnection.php(646): CodeIgniter\Database\BaseConnection->initialize()
#1 D:\7. Learning\Web\codeigniter\framework-4.0.4\system\Database\BaseConnection.php(1548): CodeIgniter\Database\BaseConnection->query('SHOW TABLES FRO...')
#2 D:\7. Learning\Web\codeigniter\framework-4.0.4\system\Database\BaseConnection.php(1591): CodeIgniter\Database\BaseConnection->listTables()
#3 D:\7. Learning\Web\codeigniter\framework-4.0.4\system\Database\MigrationRunner.php(945): CodeIgniter\Database\BaseConnection->tableExists('migrations')
#4 D:\7. Learning\Web\codeigniter\framework-4.0.4\system\Database\MigrationRunner.php(193): CodeIgniter\Database\MigrationRunner->ensureTable()
#5 D:\7. Learning\Web\codeigniter\framework-4.0.4\system\Commands\Database\Migrate.php(128): CodeIgniter\Database\MigrationRunner->latest(NULL)
#6 D:\7. Learning\Web\codeigniter\framework-4.0.4\system\CLI\Commands.php(100): CodeIgniter\Commands\Database\Migrate->run(Array)
#7 D:\7. Learning\Web\codeigniter\framework-4.0.4\system\CLI\CommandRunner.php(107): CodeIgniter\CLI\Commands->run('migrate', Array)
#8 D:\7. Learning\Web\codeigniter\framework-4.0.4\system\CLI\CommandRunner.php(85): CodeIgniter\CLI\CommandRunner->index(Array)
#9 D:\7. Learning\Web\codeigniter\framework-4.0.4\system\CodeIgniter.php(914): CodeIgniter\CLI\CommandRunner->_remap('index', 'migrate')
#10 D:\7. Learning\Web\codeigniter\framework-4.0.4\system\CodeIgniter.php(404): CodeIgniter\CodeIgniter->runController(Object(CodeIgniter\CLI\CommandRunner))
#11 D:\7. Learning\Web\codeigniter\framework-4.0.4\system\CodeIgniter.php(312): CodeIgniter\CodeIgniter->handleRequest(NULL, Object(Config\Cache), false)
#12 D:\7. Learning\Web\codeigniter\framework-4.0.4\system\CLI\Console.php(86): CodeIgniter\CodeIgniter->run()
#13 D:\7. Learning\Web\codeigniter\framework-4.0.4\spark(57): CodeIgniter\CLI\Console->run()
#14 {main}
CRITICAL - 2020-11-08 09:15:04 --> Unable to connect to the database.
#0 D:\7. Learning\Web\codeigniter\framework-4.0.4\system\Database\BaseConnection.php(646): CodeIgniter\Database\BaseConnection->initialize()
#1 D:\7. Learning\Web\codeigniter\framework-4.0.4\system\Database\BaseConnection.php(1548): CodeIgniter\Database\BaseConnection->query('SHOW TABLES FRO...')
#2 D:\7. Learning\Web\codeigniter\framework-4.0.4\system\Database\BaseConnection.php(1591): CodeIgniter\Database\BaseConnection->listTables()
#3 D:\7. Learning\Web\codeigniter\framework-4.0.4\system\Database\MigrationRunner.php(945): CodeIgniter\Database\BaseConnection->tableExists('migrations')
#4 D:\7. Learning\Web\codeigniter\framework-4.0.4\system\Database\MigrationRunner.php(193): CodeIgniter\Database\MigrationRunner->ensureTable()
#5 D:\7. Learning\Web\codeigniter\framework-4.0.4\system\Commands\Database\Migrate.php(128): CodeIgniter\Database\MigrationRunner->latest(NULL)
#6 D:\7. Learning\Web\codeigniter\framework-4.0.4\system\CLI\Commands.php(100): CodeIgniter\Commands\Database\Migrate->run(Array)
#7 D:\7. Learning\Web\codeigniter\framework-4.0.4\system\CLI\CommandRunner.php(107): CodeIgniter\CLI\Commands->run('migrate', Array)
#8 D:\7. Learning\Web\codeigniter\framework-4.0.4\system\CLI\CommandRunner.php(85): CodeIgniter\CLI\CommandRunner->index(Array)
#9 D:\7. Learning\Web\codeigniter\framework-4.0.4\system\CodeIgniter.php(914): CodeIgniter\CLI\CommandRunner->_remap('index', 'migrate')
#10 D:\7. Learning\Web\codeigniter\framework-4.0.4\system\CodeIgniter.php(404): CodeIgniter\CodeIgniter->runController(Object(CodeIgniter\CLI\CommandRunner))
#11 D:\7. Learning\Web\codeigniter\framework-4.0.4\system\CodeIgniter.php(312): CodeIgniter\CodeIgniter->handleRequest(NULL, Object(Config\Cache), false)
#12 D:\7. Learning\Web\codeigniter\framework-4.0.4\system\CLI\Console.php(86): CodeIgniter\CodeIgniter->run()
#13 D:\7. Learning\Web\codeigniter\framework-4.0.4\spark(57): CodeIgniter\CLI\Console->run()
#14 {main}
CRITICAL - 2020-11-08 09:17:00 --> Unable to connect to the database.
#0 D:\7. Learning\Web\codeigniter\framework-4.0.4\system\Database\BaseConnection.php(646): CodeIgniter\Database\BaseConnection->initialize()
#1 D:\7. Learning\Web\codeigniter\framework-4.0.4\system\Database\BaseConnection.php(1548): CodeIgniter\Database\BaseConnection->query('SHOW TABLES FRO...')
#2 D:\7. Learning\Web\codeigniter\framework-4.0.4\system\Database\BaseConnection.php(1591): CodeIgniter\Database\BaseConnection->listTables()
#3 D:\7. Learning\Web\codeigniter\framework-4.0.4\system\Database\MigrationRunner.php(945): CodeIgniter\Database\BaseConnection->tableExists('migrations')
#4 D:\7. Learning\Web\codeigniter\framework-4.0.4\system\Database\MigrationRunner.php(193): CodeIgniter\Database\MigrationRunner->ensureTable()
#5 D:\7. Learning\Web\codeigniter\framework-4.0.4\system\Commands\Database\Migrate.php(128): CodeIgniter\Database\MigrationRunner->latest(NULL)
#6 D:\7. Learning\Web\codeigniter\framework-4.0.4\system\CLI\Commands.php(100): CodeIgniter\Commands\Database\Migrate->run(Array)
#7 D:\7. Learning\Web\codeigniter\framework-4.0.4\system\CLI\CommandRunner.php(107): CodeIgniter\CLI\Commands->run('migrate', Array)
#8 D:\7. Learning\Web\codeigniter\framework-4.0.4\system\CLI\CommandRunner.php(85): CodeIgniter\CLI\CommandRunner->index(Array)
#9 D:\7. Learning\Web\codeigniter\framework-4.0.4\system\CodeIgniter.php(914): CodeIgniter\CLI\CommandRunner->_remap('index', 'migrate')
#10 D:\7. Learning\Web\codeigniter\framework-4.0.4\system\CodeIgniter.php(404): CodeIgniter\CodeIgniter->runController(Object(CodeIgniter\CLI\CommandRunner))
#11 D:\7. Learning\Web\codeigniter\framework-4.0.4\system\CodeIgniter.php(312): CodeIgniter\CodeIgniter->handleRequest(NULL, Object(Config\Cache), false)
#12 D:\7. Learning\Web\codeigniter\framework-4.0.4\system\CLI\Console.php(86): CodeIgniter\CodeIgniter->run()
#13 D:\7. Learning\Web\codeigniter\framework-4.0.4\spark(57): CodeIgniter\CLI\Console->run()
#14 {main}
CRITICAL - 2020-11-08 09:17:28 --> Unable to connect to the database.
#0 D:\7. Learning\Web\codeigniter\framework-4.0.4\system\Database\BaseConnection.php(646): CodeIgniter\Database\BaseConnection->initialize()
#1 D:\7. Learning\Web\codeigniter\framework-4.0.4\system\Database\BaseConnection.php(1548): CodeIgniter\Database\BaseConnection->query('SHOW TABLES FRO...')
#2 D:\7. Learning\Web\codeigniter\framework-4.0.4\system\Database\BaseConnection.php(1591): CodeIgniter\Database\BaseConnection->listTables()
#3 D:\7. Learning\Web\codeigniter\framework-4.0.4\system\Database\MigrationRunner.php(945): CodeIgniter\Database\BaseConnection->tableExists('migrations')
#4 D:\7. Learning\Web\codeigniter\framework-4.0.4\system\Database\MigrationRunner.php(193): CodeIgniter\Database\MigrationRunner->ensureTable()
#5 D:\7. Learning\Web\codeigniter\framework-4.0.4\system\Commands\Database\Migrate.php(128): CodeIgniter\Database\MigrationRunner->latest(NULL)
#6 D:\7. Learning\Web\codeigniter\framework-4.0.4\system\CLI\Commands.php(100): CodeIgniter\Commands\Database\Migrate->run(Array)
#7 D:\7. Learning\Web\codeigniter\framework-4.0.4\system\CLI\CommandRunner.php(107): CodeIgniter\CLI\Commands->run('migrate', Array)
#8 D:\7. Learning\Web\codeigniter\framework-4.0.4\system\CLI\CommandRunner.php(85): CodeIgniter\CLI\CommandRunner->index(Array)
#9 D:\7. Learning\Web\codeigniter\framework-4.0.4\system\CodeIgniter.php(914): CodeIgniter\CLI\CommandRunner->_remap('index', 'migrate')
#10 D:\7. Learning\Web\codeigniter\framework-4.0.4\system\CodeIgniter.php(404): CodeIgniter\CodeIgniter->runController(Object(CodeIgniter\CLI\CommandRunner))
#11 D:\7. Learning\Web\codeigniter\framework-4.0.4\system\CodeIgniter.php(312): CodeIgniter\CodeIgniter->handleRequest(NULL, Object(Config\Cache), false)
#12 D:\7. Learning\Web\codeigniter\framework-4.0.4\system\CLI\Console.php(86): CodeIgniter\CodeIgniter->run()
#13 D:\7. Learning\Web\codeigniter\framework-4.0.4\spark(57): CodeIgniter\CLI\Console->run()
#14 {main}
CRITICAL - 2020-11-08 09:36:18 --> Class 'App\Models\ProductModel' not found
#0 D:\7. Learning\Web\codeigniter\framework-4.0.4\system\CodeIgniter.php(890): App\Controllers\ProductController->__construct()
#1 D:\7. Learning\Web\codeigniter\framework-4.0.4\system\CodeIgniter.php(399): CodeIgniter\CodeIgniter->createController()
#2 D:\7. Learning\Web\codeigniter\framework-4.0.4\system\CodeIgniter.php(312): CodeIgniter\CodeIgniter->handleRequest(NULL, Object(Config\Cache), false)
#3 D:\7. Learning\Web\codeigniter\framework-4.0.4\public\index.php(45): CodeIgniter\CodeIgniter->run()
#4 D:\7. Learning\Web\codeigniter\framework-4.0.4\system\Commands\Server\rewrite.php(34): require_once('D:\\7. Learning\\...')
#5 {main}
CRITICAL - 2020-11-08 09:36:56 --> Array to string conversion
#0 D:\7. Learning\Web\codeigniter\framework-4.0.4\app\Controllers\ProductController.php(15): CodeIgniter\Debug\Exceptions->errorHandler(8, 'Array to string...', 'D:\\7. Learning\\...', 15, Array)
#1 D:\7. Learning\Web\codeigniter\framework-4.0.4\system\CodeIgniter.php(918): App\Controllers\ProductController->index()
#2 D:\7. Learning\Web\codeigniter\framework-4.0.4\system\CodeIgniter.php(404): CodeIgniter\CodeIgniter->runController(Object(App\Controllers\ProductController))
#3 D:\7. Learning\Web\codeigniter\framework-4.0.4\system\CodeIgniter.php(312): CodeIgniter\CodeIgniter->handleRequest(NULL, Object(Config\Cache), false)
#4 D:\7. Learning\Web\codeigniter\framework-4.0.4\public\index.php(45): CodeIgniter\CodeIgniter->run()
#5 D:\7. Learning\Web\codeigniter\framework-4.0.4\system\Commands\Server\rewrite.php(34): require_once('D:\\7. Learning\\...')
#6 {main}
CRITICAL - 2020-11-08 09:37:03 --> Array to string conversion
#0 D:\7. Learning\Web\codeigniter\framework-4.0.4\app\Controllers\ProductController.php(15): CodeIgniter\Debug\Exceptions->errorHandler(8, 'Array to string...', 'D:\\7. Learning\\...', 15, Array)
#1 D:\7. Learning\Web\codeigniter\framework-4.0.4\system\CodeIgniter.php(918): App\Controllers\ProductController->index()
#2 D:\7. Learning\Web\codeigniter\framework-4.0.4\system\CodeIgniter.php(404): CodeIgniter\CodeIgniter->runController(Object(App\Controllers\ProductController))
#3 D:\7. Learning\Web\codeigniter\framework-4.0.4\system\CodeIgniter.php(312): CodeIgniter\CodeIgniter->handleRequest(NULL, Object(Config\Cache), false)
#4 D:\7. Learning\Web\codeigniter\framework-4.0.4\public\index.php(45): CodeIgniter\CodeIgniter->run()
#5 D:\7. Learning\Web\codeigniter\framework-4.0.4\system\Commands\Server\rewrite.php(34): require_once('D:\\7. Learning\\...')
#6 {main}
CRITICAL - 2020-11-08 09:38:55 --> Undefined index: product_id
#0 D:\7. Learning\Web\codeigniter\framework-4.0.4\app\Views\product\index.php(60): CodeIgniter\Debug\Exceptions->errorHandler(8, 'Undefined index...', 'D:\\7. Learning\\...', 60, Array)
#1 D:\7. Learning\Web\codeigniter\framework-4.0.4\system\View\View.php(246): include('D:\\7. Learning\\...')
#2 D:\7. Learning\Web\codeigniter\framework-4.0.4\system\Common.php(1119): CodeIgniter\View\View->render('product/index', Array, true)
#3 D:\7. Learning\Web\codeigniter\framework-4.0.4\app\Controllers\ProductController.php(15): view('product/index', Array)
#4 D:\7. Learning\Web\codeigniter\framework-4.0.4\system\CodeIgniter.php(918): App\Controllers\ProductController->index()
#5 D:\7. Learning\Web\codeigniter\framework-4.0.4\system\CodeIgniter.php(404): CodeIgniter\CodeIgniter->runController(Object(App\Controllers\ProductController))
#6 D:\7. Learning\Web\codeigniter\framework-4.0.4\system\CodeIgniter.php(312): CodeIgniter\CodeIgniter->handleRequest(NULL, Object(Config\Cache), false)
#7 D:\7. Learning\Web\codeigniter\framework-4.0.4\public\index.php(45): CodeIgniter\CodeIgniter->run()
#8 D:\7. Learning\Web\codeigniter\framework-4.0.4\system\Commands\Server\rewrite.php(34): require_once('D:\\7. Learning\\...')
#9 {main}
CRITICAL - 2020-11-08 09:47:08 --> Allowed fields must be specified for model: App\Models\ProductModel
#0 D:\7. Learning\Web\codeigniter\framework-4.0.4\system\Model.php(1265): CodeIgniter\Database\Exceptions\DataException::forInvalidAllowedFields('App\\Models\\Prod...')
#1 D:\7. Learning\Web\codeigniter\framework-4.0.4\system\Model.php(735): CodeIgniter\Model->doProtectFields(Array)
#2 D:\7. Learning\Web\codeigniter\framework-4.0.4\app\Models\ProductModel.php(24): CodeIgniter\Model->insert(Array)
#3 D:\7. Learning\Web\codeigniter\framework-4.0.4\app\Controllers\ProductController.php(33): App\Models\ProductModel->insertProduct(Array)
#4 D:\7. Learning\Web\codeigniter\framework-4.0.4\system\CodeIgniter.php(918): App\Controllers\ProductController->store()
#5 D:\7. Learning\Web\codeigniter\framework-4.0.4\system\CodeIgniter.php(404): CodeIgniter\CodeIgniter->runController(Object(App\Controllers\ProductController))
#6 D:\7. Learning\Web\codeigniter\framework-4.0.4\system\CodeIgniter.php(312): CodeIgniter\CodeIgniter->handleRequest(NULL, Object(Config\Cache), false)
#7 D:\7. Learning\Web\codeigniter\framework-4.0.4\public\index.php(45): CodeIgniter\CodeIgniter->run()
#8 D:\7. Learning\Web\codeigniter\framework-4.0.4\system\Commands\Server\rewrite.php(34): require_once('D:\\7. Learning\\...')
#9 {main}
CRITICAL - 2020-11-08 09:50:28 --> Allowed fields must be specified for model: App\Models\ProductModel
#0 D:\7. Learning\Web\codeigniter\framework-4.0.4\system\Model.php(1265): CodeIgniter\Database\Exceptions\DataException::forInvalidAllowedFields('App\\Models\\Prod...')
#1 D:\7. Learning\Web\codeigniter\framework-4.0.4\system\Model.php(735): CodeIgniter\Model->doProtectFields(Array)
#2 D:\7. Learning\Web\codeigniter\framework-4.0.4\app\Models\ProductModel.php(25): CodeIgniter\Model->insert(Array)
#3 D:\7. Learning\Web\codeigniter\framework-4.0.4\app\Controllers\ProductController.php(33): App\Models\ProductModel->insertProduct(Array)
#4 D:\7. Learning\Web\codeigniter\framework-4.0.4\system\CodeIgniter.php(918): App\Controllers\ProductController->store()
#5 D:\7. Learning\Web\codeigniter\framework-4.0.4\system\CodeIgniter.php(404): CodeIgniter\CodeIgniter->runController(Object(App\Controllers\ProductController))
#6 D:\7. Learning\Web\codeigniter\framework-4.0.4\system\CodeIgniter.php(312): CodeIgniter\CodeIgniter->handleRequest(NULL, Object(Config\Cache), false)
#7 D:\7. Learning\Web\codeigniter\framework-4.0.4\public\index.php(45): CodeIgniter\CodeIgniter->run()
#8 D:\7. Learning\Web\codeigniter\framework-4.0.4\system\Commands\Server\rewrite.php(34): require_once('D:\\7. Learning\\...')
#9 {main}
CRITICAL - 2020-11-08 10:00:55 --> You must use the "set" method to update an entry.
#0 D:\7. Learning\Web\codeigniter\framework-4.0.4\system\Database\BaseBuilder.php(2430): CodeIgniter\Database\BaseBuilder->validateUpdate()
#1 D:\7. Learning\Web\codeigniter\framework-4.0.4\system\Model.php(889): CodeIgniter\Database\BaseBuilder->update()
#2 D:\7. Learning\Web\codeigniter\framework-4.0.4\app\Models\ProductModel.php(30): CodeIgniter\Model->update(Array, Array)
#3 D:\7. Learning\Web\codeigniter\framework-4.0.4\app\Controllers\ProductController.php(57): App\Models\ProductModel->updateProduct(Array, '2')
#4 D:\7. Learning\Web\codeigniter\framework-4.0.4\system\CodeIgniter.php(918): App\Controllers\ProductController->update('2')
#5 D:\7. Learning\Web\codeigniter\framework-4.0.4\system\CodeIgniter.php(404): CodeIgniter\CodeIgniter->runController(Object(App\Controllers\ProductController))
#6 D:\7. Learning\Web\codeigniter\framework-4.0.4\system\CodeIgniter.php(312): CodeIgniter\CodeIgniter->handleRequest(NULL, Object(Config\Cache), false)
#7 D:\7. Learning\Web\codeigniter\framework-4.0.4\public\index.php(45): CodeIgniter\CodeIgniter->run()
#8 D:\7. Learning\Web\codeigniter\framework-4.0.4\system\Commands\Server\rewrite.php(34): require_once('D:\\7. Learning\\...')
#9 {main}
CRITICAL - 2020-11-08 10:05:56 --> You must use the "set" method to update an entry.
#0 D:\7. Learning\Web\codeigniter\framework-4.0.4\system\Database\BaseBuilder.php(2430): CodeIgniter\Database\BaseBuilder->validateUpdate()
#1 D:\7. Learning\Web\codeigniter\framework-4.0.4\system\Model.php(889): CodeIgniter\Database\BaseBuilder->update()
#2 D:\7. Learning\Web\codeigniter\framework-4.0.4\app\Models\ProductModel.php(30): CodeIgniter\Model->update(Array, Array)
#3 D:\7. Learning\Web\codeigniter\framework-4.0.4\app\Controllers\ProductController.php(57): App\Models\ProductModel->updateProduct(Array, '1')
#4 D:\7. Learning\Web\codeigniter\framework-4.0.4\system\CodeIgniter.php(918): App\Controllers\ProductController->update('1')
#5 D:\7. Learning\Web\codeigniter\framework-4.0.4\system\CodeIgniter.php(404): CodeIgniter\CodeIgniter->runController(Object(App\Controllers\ProductController))
#6 D:\7. Learning\Web\codeigniter\framework-4.0.4\system\CodeIgniter.php(312): CodeIgniter\CodeIgniter->handleRequest(NULL, Object(Config\Cache), false)
#7 D:\7. Learning\Web\codeigniter\framework-4.0.4\public\index.php(45): CodeIgniter\CodeIgniter->run()
#8 D:\7. Learning\Web\codeigniter\framework-4.0.4\system\Commands\Server\rewrite.php(34): require_once('D:\\7. Learning\\...')
#9 {main}
CRITICAL - 2020-11-08 10:12:21 --> Call to undefined method CodeIgniter\View\View::load()
#0 D:\7. Learning\Web\codeigniter\framework-4.0.4\system\View\View.php(246): include()
#1 D:\7. Learning\Web\codeigniter\framework-4.0.4\system\Common.php(1119): CodeIgniter\View\View->render('product/index', Array, true)
#2 D:\7. Learning\Web\codeigniter\framework-4.0.4\app\Controllers\ProductController.php(15): view('product/index', Array)
#3 D:\7. Learning\Web\codeigniter\framework-4.0.4\system\CodeIgniter.php(918): App\Controllers\ProductController->index()
#4 D:\7. Learning\Web\codeigniter\framework-4.0.4\system\CodeIgniter.php(404): CodeIgniter\CodeIgniter->runController(Object(App\Controllers\ProductController))
#5 D:\7. Learning\Web\codeigniter\framework-4.0.4\system\CodeIgniter.php(312): CodeIgniter\CodeIgniter->handleRequest(NULL, Object(Config\Cache), false)
#6 D:\7. Learning\Web\codeigniter\framework-4.0.4\public\index.php(45): CodeIgniter\CodeIgniter->run()
#7 D:\7. Learning\Web\codeigniter\framework-4.0.4\system\Commands\Server\rewrite.php(34): require_once('D:\\7. Learning\\...')
#8 {main}
CRITICAL - 2020-11-08 10:12:40 --> Undefined property: CodeIgniter\View\View::$load
#0 D:\7. Learning\Web\codeigniter\framework-4.0.4\app\Views\product\create.php(1): CodeIgniter\Debug\Exceptions->errorHandler(8, 'Undefined prope...', 'D:\\7. Learning\\...', 1, Array)
#1 D:\7. Learning\Web\codeigniter\framework-4.0.4\system\View\View.php(246): include('D:\\7. Learning\\...')
#2 D:\7. Learning\Web\codeigniter\framework-4.0.4\system\Common.php(1119): CodeIgniter\View\View->render('product/create', Array, true)
#3 D:\7. Learning\Web\codeigniter\framework-4.0.4\app\Controllers\ProductController.php(20): view('product/create')
#4 D:\7. Learning\Web\codeigniter\framework-4.0.4\system\CodeIgniter.php(918): App\Controllers\ProductController->create()
#5 D:\7. Learning\Web\codeigniter\framework-4.0.4\system\CodeIgniter.php(404): CodeIgniter\CodeIgniter->runController(Object(App\Controllers\ProductController))
#6 D:\7. Learning\Web\codeigniter\framework-4.0.4\system\CodeIgniter.php(312): CodeIgniter\CodeIgniter->handleRequest(NULL, Object(Config\Cache), false)
#7 D:\7. Learning\Web\codeigniter\framework-4.0.4\public\index.php(45): CodeIgniter\CodeIgniter->run()
#8 D:\7. Learning\Web\codeigniter\framework-4.0.4\system\Commands\Server\rewrite.php(34): require_once('D:\\7. Learning\\...')
#9 {main}
